# JRE version: OpenJDK Runtime Environment Temurin-21.0.10+7 (21.0.10+7) (build 21.0.10+7-LTS)
# Java VM: OpenJDK 64-Bit Server VM Temurin-21.0.10+7 (21.0.10+7-LTS, mixed mode, sharing, tiered, compressed oops, compressed class ptrs, g1 gc, windows-amd64)
GC Precious Log:
 CardTable entry size: 512
 Card Set container configuration: InlinePtr #cards 4 size 8 Array Of Cards #cards 32 size 80 Howl #buckets 8 coarsen threshold 7372 Howl Bitmap #cards 1024 size 144 coarsen threshold 921 Card regions per heap region 1 cards per card region 8192
 CPUs: 32 total, 32 available
 Memory: 32485M
 Large Page Support: Disabled
 NUMA Support: Disabled
 Compressed Oops: Enabled (Zero based)
 Heap Region Size: 4M
 Heap Min Capacity: 8M
 Heap Initial Capacity: 508M
 Heap Max Capacity: 8124M
 Pre-touch: Disabled
 Parallel Workers: 23
 Concurrent Workers: 6
 Concurrent Refinement Workers: 23
 Periodic GC: Disabled
Heap:
 garbage-first heap   total 520192K, used 249513K [0x0000000604400000, 0x0000000800000000)
  region size 4096K, 61 young (249856K), 1 survivors (4096K)
 Metaspace       used 7407K, committed 7680K, reserved 1114112K
  class space    used 764K, committed 896K, reserved 1048576K
GC Heap History (10 events):
Event: 2.740 GC heap before
{Heap before GC invocations=0 (full 0):
 garbage-first heap   total 520192K, used 20480K [0x0000000604400000, 0x0000000800000000)
  region size 4096K, 6 young (24576K), 0 survivors (0K)
 Metaspace       used 6802K, committed 6976K, reserved 1114112K
  class space    used 731K, committed 832K, reserved 1048576K
}
Event: 2.742 GC heap after
{Heap after GC invocations=1 (full 0):
 garbage-first heap   total 520192K, used 6445K [0x0000000604400000, 0x0000000800000000)
  region size 4096K, 1 young (4096K), 1 survivors (4096K)
 Metaspace       used 6802K, committed 6976K, reserved 1114112K
  class space    used 731K, committed 832K, reserved 1048576K
}
Event: 6.954 GC heap before
{Heap before GC invocations=1 (full 0):
 garbage-first heap   total 520192K, used 35117K [0x0000000604400000, 0x0000000800000000)
  region size 4096K, 8 young (32768K), 1 survivors (4096K)
 Metaspace       used 7202K, committed 7424K, reserved 1114112K
  class space    used 741K, committed 832K, reserved 1048576K
}
Event: 6.956 GC heap after
{Heap after GC invocations=2 (full 0):
 garbage-first heap   total 520192K, used 7946K [0x0000000604400000, 0x0000000800000000)
  region size 4096K, 1 young (4096K), 1 survivors (4096K)
 Metaspace       used 7202K, committed 7424K, reserved 1114112K
  class space    used 741K, committed 832K, reserved 1048576K
}
Event: 7.305 GC heap before
{Heap before GC invocations=2 (full 0):
 garbage-first heap   total 520192K, used 315146K [0x0000000604400000, 0x0000000800000000)
  region size 4096K, 76 young (311296K), 1 survivors (4096K)
 Metaspace       used 7372K, committed 7680K, reserved 1114112K
  class space    used 764K, committed 896K, reserved 1048576K
}
Event: 7.307 GC heap after
{Heap after GC invocations=3 (full 0):
 garbage-first heap   total 520192K, used 8225K [0x0000000604400000, 0x0000000800000000)
  region size 4096K, 1 young (4096K), 1 survivors (4096K)
 Metaspace       used 7372K, committed 7680K, reserved 1114112K
  class space    used 764K, committed 896K, reserved 1048576K
}
Event: 7.844 GC heap before
{Heap before GC invocations=3 (full 0):
 garbage-first heap   total 520192K, used 315425K [0x0000000604400000, 0x0000000800000000)
  region size 4096K, 76 young (311296K), 1 survivors (4096K)
 Metaspace       used 7382K, committed 7680K, reserved 1114112K
  class space    used 764K, committed 896K, reserved 1048576K
}
Event: 7.845 GC heap after
{Heap after GC invocations=4 (full 0):
 garbage-first heap   total 520192K, used 7941K [0x0000000604400000, 0x0000000800000000)
  region size 4096K, 1 young (4096K), 1 survivors (4096K)
 Metaspace       used 7382K, committed 7680K, reserved 1114112K
  class space    used 764K, committed 896K, reserved 1048576K
}
Event: 8.806 GC heap before
{Heap before GC invocations=4 (full 0):
 garbage-first heap   total 520192K, used 315141K [0x0000000604400000, 0x0000000800000000)
  region size 4096K, 76 young (311296K), 1 survivors (4096K)
 Metaspace       used 7394K, committed 7680K, reserved 1114112K
  class space    used 764K, committed 896K, reserved 1048576K
}
Event: 8.807 GC heap after
{Heap after GC invocations=5 (full 0):
 garbage-first heap   total 520192K, used 7849K [0x0000000604400000, 0x0000000800000000)
  region size 4096K, 1 young (4096K), 1 survivors (4096K)
 Metaspace       used 7394K, committed 7680K, reserved 1114112K
  class space    used 764K, committed 896K, reserved 1048576K
}

